  gtestwrap.cpp
C:\Users\Admin\Desktop\UnchartedBlockout\build\_deps\bullet3-src\test\gtest-1.7.0\include\gtest\gtest-printers.h(532,34): error C2039: 'tr1': is not a member of 'std'
  (compiling source file '../../../bullet3-src/test/SharedMemory/gtestwrap.cpp')
      C:\Program Files\Microsoft Visual Studio\2022\Community\VC\Tools\MSVC\14.44.35207\include\set(22,1):
      see declaration of 'std'
  
C:\Users\Admin\Desktop\UnchartedBlockout\build\_deps\bullet3-src\test\gtest-1.7.0\include\gtest\gtest-printers.h(532,34): error C3083: 'tr1': the symbol to the left of a '::' must be a type
  (compiling source file '../../../bullet3-src/test/SharedMemory/gtestwrap.cpp')
  
C:\Users\Admin\Desktop\UnchartedBlockout\build\_deps\bullet3-src\test\gtest-1.7.0\include\gtest\gtest-printers.h(538,27): error C3083: 'tr1': the symbol to the left of a '::' must be a type
  (compiling source file '../../../bullet3-src/test/SharedMemory/gtestwrap.cpp')
  
C:\Users\Admin\Desktop\UnchartedBlockout\build\_deps\bullet3-src\test\gtest-1.7.0\include\gtest\gtest-printers.h(544,27): error C3083: 'tr1': the symbol to the left of a '::' must be a type
  (compiling source file '../../../bullet3-src/test/SharedMemory/gtestwrap.cpp')
  
C:\Users\Admin\Desktop\UnchartedBlockout\build\_deps\bullet3-src\test\gtest-1.7.0\include\gtest\gtest-printers.h(550,27): error C3083: 'tr1': the symbol to the left of a '::' must be a type
  (compiling source file '../../../bullet3-src/test/SharedMemory/gtestwrap.cpp')
  
C:\Users\Admin\Desktop\UnchartedBlockout\build\_deps\bullet3-src\test\gtest-1.7.0\include\gtest\gtest-printers.h(556,27): error C3083: 'tr1': the symbol to the left of a '::' must be a type
  (compiling source file '../../../bullet3-src/test/SharedMemory/gtestwrap.cpp')
  
C:\Users\Admin\Desktop\UnchartedBlockout\build\_deps\bullet3-src\test\gtest-1.7.0\include\gtest\gtest-printers.h(562,27): error C3083: 'tr1': the symbol to the left of a '::' must be a type
  (compiling source file '../../../bullet3-src/test/SharedMemory/gtestwrap.cpp')
  
C:\Users\Admin\Desktop\UnchartedBlockout\build\_deps\bullet3-src\test\gtest-1.7.0\include\gtest\gtest-printers.h(570,27): error C3083: 'tr1': the symbol to the left of a '::' must be a type
  (compiling source file '../../../bullet3-src/test/SharedMemory/gtestwrap.cpp')
  
C:\Users\Admin\Desktop\UnchartedBlockout\build\_deps\bullet3-src\test\gtest-1.7.0\include\gtest\gtest-printers.h(578,27): error C3083: 'tr1': the symbol to the left of a '::' must be a type
  (compiling source file '../../../bullet3-src/test/SharedMemory/gtestwrap.cpp')
  
C:\Users\Admin\Desktop\UnchartedBlockout\build\_deps\bullet3-src\test\gtest-1.7.0\include\gtest\gtest-printers.h(586,27): error C3083: 'tr1': the symbol to the left of a '::' must be a type
  (compiling source file '../../../bullet3-src/test/SharedMemory/gtestwrap.cpp')
  
C:\Users\Admin\Desktop\UnchartedBlockout\build\_deps\bullet3-src\test\gtest-1.7.0\include\gtest\gtest-printers.h(594,27): error C3083: 'tr1': the symbol to the left of a '::' must be a type
  (compiling source file '../../../bullet3-src/test/SharedMemory/gtestwrap.cpp')
  
C:\Users\Admin\Desktop\UnchartedBlockout\build\_deps\bullet3-src\test\gtest-1.7.0\include\gtest\gtest-printers.h(603,15): error C3083: 'tr1': the symbol to the left of a '::' must be a type
  (compiling source file '../../../bullet3-src/test/SharedMemory/gtestwrap.cpp')
  
C:\Users\Admin\Desktop\UnchartedBlockout\build\_deps\bullet3-src\test\gtest-1.7.0\include\gtest\internal\gtest-param-util-generated.h(3235,43): error C3083: 'tr1': the symbol to the left of a '::' must be a type
  (compiling source file '../../../bullet3-src/test/SharedMemory/gtestwrap.cpp')
      C:\Users\Admin\Desktop\UnchartedBlockout\build\_deps\bullet3-src\test\gtest-1.7.0\include\gtest\internal\gtest-param-util-generated.h(3235,43):
      the template instantiation context (the oldest one first) is
          C:\Users\Admin\Desktop\UnchartedBlockout\build\_deps\bullet3-src\test\gtest-1.7.0\include\gtest\internal\gtest-param-util-generated.h(3234,7):
          while compiling class template 'testing::internal::CartesianProductGenerator2'
  
C:\Users\Admin\Desktop\UnchartedBlockout\build\_deps\bullet3-src\test\gtest-1.7.0\include\gtest\internal\gtest-param-util-generated.h(3238,17): error C3083: 'tr1': the symbol to the left of a '::' must be a type
  (compiling source file '../../../bullet3-src/test/SharedMemory/gtestwrap.cpp')
  
C:\Users\Admin\Desktop\UnchartedBlockout\build\_deps\bullet3-src\test\gtest-1.7.0\include\gtest\internal\gtest-param-util-generated.h(3364,43): error C3083: 'tr1': the symbol to the left of a '::' must be a type
  (compiling source file '../../../bullet3-src/test/SharedMemory/gtestwrap.cpp')
      C:\Users\Admin\Desktop\UnchartedBlockout\build\_deps\bullet3-src\test\gtest-1.7.0\include\gtest\internal\gtest-param-util-generated.h(3364,43):
      the template instantiation context (the oldest one first) is
          C:\Users\Admin\Desktop\UnchartedBlockout\build\_deps\bullet3-src\test\gtest-1.7.0\include\gtest\internal\gtest-param-util-generated.h(3363,7):
          while compiling class template 'testing::internal::CartesianProductGenerator3'
  
C:\Users\Admin\Desktop\UnchartedBlockout\build\_deps\bullet3-src\test\gtest-1.7.0\include\gtest\internal\gtest-param-util-generated.h(3367,17): error C3083: 'tr1': the symbol to the left of a '::' must be a type
  (compiling source file '../../../bullet3-src/test/SharedMemory/gtestwrap.cpp')
  
C:\Users\Admin\Desktop\UnchartedBlockout\build\_deps\bullet3-src\test\gtest-1.7.0\include\gtest\internal\gtest-param-util-generated.h(3513,43): error C3083: 'tr1': the symbol to the left of a '::' must be a type
  (compiling source file '../../../bullet3-src/test/SharedMemory/gtestwrap.cpp')
      C:\Users\Admin\Desktop\UnchartedBlockout\build\_deps\bullet3-src\test\gtest-1.7.0\include\gtest\internal\gtest-param-util-generated.h(3513,43):
      the template instantiation context (the oldest one first) is
          C:\Users\Admin\Desktop\UnchartedBlockout\build\_deps\bullet3-src\test\gtest-1.7.0\include\gtest\internal\gtest-param-util-generated.h(3512,7):
          while compiling class template 'testing::internal::CartesianProductGenerator4'
  
C:\Users\Admin\Desktop\UnchartedBlockout\build\_deps\bullet3-src\test\gtest-1.7.0\include\gtest\internal\gtest-param-util-generated.h(3516,17): error C3083: 'tr1': the symbol to the left of a '::' must be a type
  (compiling source file '../../../bullet3-src/test/SharedMemory/gtestwrap.cpp')
  
C:\Users\Admin\Desktop\UnchartedBlockout\build\_deps\bullet3-src\test\gtest-1.7.0\include\gtest\internal\gtest-param-util-generated.h(3684,43): error C3083: 'tr1': the symbol to the left of a '::' must be a type
  (compiling source file '../../../bullet3-src/test/SharedMemory/gtestwrap.cpp')
      C:\Users\Admin\Desktop\UnchartedBlockout\build\_deps\bullet3-src\test\gtest-1.7.0\include\gtest\internal\gtest-param-util-generated.h(3684,43):
      the template instantiation context (the oldest one first) is
          C:\Users\Admin\Desktop\UnchartedBlockout\build\_deps\bullet3-src\test\gtest-1.7.0\include\gtest\internal\gtest-param-util-generated.h(3683,7):
          while compiling class template 'testing::internal::CartesianProductGenerator5'
  
C:\Users\Admin\Desktop\UnchartedBlockout\build\_deps\bullet3-src\test\gtest-1.7.0\include\gtest\internal\gtest-param-util-generated.h(3687,17): error C3083: 'tr1': the symbol to the left of a '::' must be a type
  (compiling source file '../../../bullet3-src/test/SharedMemory/gtestwrap.cpp')
  
C:\Users\Admin\Desktop\UnchartedBlockout\build\_deps\bullet3-src\test\gtest-1.7.0\include\gtest\internal\gtest-param-util-generated.h(3875,43): error C3083: 'tr1': the symbol to the left of a '::' must be a type
  (compiling source file '../../../bullet3-src/test/SharedMemory/gtestwrap.cpp')
      C:\Users\Admin\Desktop\UnchartedBlockout\build\_deps\bullet3-src\test\gtest-1.7.0\include\gtest\internal\gtest-param-util-generated.h(3875,43):
      the template instantiation context (the oldest one first) is
          C:\Users\Admin\Desktop\UnchartedBlockout\build\_deps\bullet3-src\test\gtest-1.7.0\include\gtest\internal\gtest-param-util-generated.h(3874,7):
          while compiling class template 'testing::internal::CartesianProductGenerator6'
  
C:\Users\Admin\Desktop\UnchartedBlockout\build\_deps\bullet3-src\test\gtest-1.7.0\include\gtest\internal\gtest-param-util-generated.h(3879,17): error C3083: 'tr1': the symbol to the left of a '::' must be a type
  (compiling source file '../../../bullet3-src/test/SharedMemory/gtestwrap.cpp')
  
C:\Users\Admin\Desktop\UnchartedBlockout\build\_deps\bullet3-src\test\gtest-1.7.0\include\gtest\internal\gtest-param-util-generated.h(4087,43): error C3083: 'tr1': the symbol to the left of a '::' must be a type
  (compiling source file '../../../bullet3-src/test/SharedMemory/gtestwrap.cpp')
      C:\Users\Admin\Desktop\UnchartedBlockout\build\_deps\bullet3-src\test\gtest-1.7.0\include\gtest\internal\gtest-param-util-generated.h(4087,43):
      the template instantiation context (the oldest one first) is
          C:\Users\Admin\Desktop\UnchartedBlockout\build\_deps\bullet3-src\test\gtest-1.7.0\include\gtest\internal\gtest-param-util-generated.h(4086,7):
          while compiling class template 'testing::internal::CartesianProductGenerator7'
  
C:\Users\Admin\Desktop\UnchartedBlockout\build\_deps\bullet3-src\test\gtest-1.7.0\include\gtest\internal\gtest-param-util-generated.h(4091,17): error C3083: 'tr1': the symbol to the left of a '::' must be a type
  (compiling source file '../../../bullet3-src/test/SharedMemory/gtestwrap.cpp')
  
C:\Users\Admin\Desktop\UnchartedBlockout\build\_deps\bullet3-src\test\gtest-1.7.0\include\gtest\internal\gtest-param-util-generated.h(4319,43): error C3083: 'tr1': the symbol to the left of a '::' must be a type
  (compiling source file '../../../bullet3-src/test/SharedMemory/gtestwrap.cpp')
      C:\Users\Admin\Desktop\UnchartedBlockout\build\_deps\bullet3-src\test\gtest-1.7.0\include\gtest\internal\gtest-param-util-generated.h(4319,43):
      the template instantiation context (the oldest one first) is
          C:\Users\Admin\Desktop\UnchartedBlockout\build\_deps\bullet3-src\test\gtest-1.7.0\include\gtest\internal\gtest-param-util-generated.h(4318,7):
          while compiling class template 'testing::internal::CartesianProductGenerator8'
  
C:\Users\Admin\Desktop\UnchartedBlockout\build\_deps\bullet3-src\test\gtest-1.7.0\include\gtest\internal\gtest-param-util-generated.h(4323,17): error C3083: 'tr1': the symbol to the left of a '::' must be a type
  (compiling source file '../../../bullet3-src/test/SharedMemory/gtestwrap.cpp')
  
C:\Users\Admin\Desktop\UnchartedBlockout\build\_deps\bullet3-src\test\gtest-1.7.0\include\gtest\internal\gtest-param-util-generated.h(4572,43): error C3083: 'tr1': the symbol to the left of a '::' must be a type
  (compiling source file '../../../bullet3-src/test/SharedMemory/gtestwrap.cpp')
      C:\Users\Admin\Desktop\UnchartedBlockout\build\_deps\bullet3-src\test\gtest-1.7.0\include\gtest\internal\gtest-param-util-generated.h(4572,43):
      the template instantiation context (the oldest one first) is
          C:\Users\Admin\Desktop\UnchartedBlockout\build\_deps\bullet3-src\test\gtest-1.7.0\include\gtest\internal\gtest-param-util-generated.h(4571,7):
          while compiling class template 'testing::internal::CartesianProductGenerator9'
  
C:\Users\Admin\Desktop\UnchartedBlockout\build\_deps\bullet3-src\test\gtest-1.7.0\include\gtest\internal\gtest-param-util-generated.h(4576,17): error C3083: 'tr1': the symbol to the left of a '::' must be a type
  (compiling source file '../../../bullet3-src/test/SharedMemory/gtestwrap.cpp')
  
C:\Users\Admin\Desktop\UnchartedBlockout\build\_deps\bullet3-src\test\gtest-1.7.0\include\gtest\internal\gtest-param-util-generated.h(4845,43): error C3083: 'tr1': the symbol to the left of a '::' must be a type
  (compiling source file '../../../bullet3-src/test/SharedMemory/gtestwrap.cpp')
      C:\Users\Admin\Desktop\UnchartedBlockout\build\_deps\bullet3-src\test\gtest-1.7.0\include\gtest\internal\gtest-param-util-generated.h(4845,43):
      the template instantiation context (the oldest one first) is
          C:\Users\Admin\Desktop\UnchartedBlockout\build\_deps\bullet3-src\test\gtest-1.7.0\include\gtest\internal\gtest-param-util-generated.h(4844,7):
          while compiling class template 'testing::internal::CartesianProductGenerator10'
  
C:\Users\Admin\Desktop\UnchartedBlockout\build\_deps\bullet3-src\test\gtest-1.7.0\include\gtest\internal\gtest-param-util-generated.h(4849,17): error C3083: 'tr1': the symbol to the left of a '::' must be a type
  (compiling source file '../../../bullet3-src/test/SharedMemory/gtestwrap.cpp')
  
C:\Users\Admin\Desktop\UnchartedBlockout\build\_deps\bullet3-src\test\gtest-1.7.0\include\gtest\internal\gtest-param-util-generated.h(5148,34): error C3083: 'tr1': the symbol to the left of a '::' must be a type
  (compiling source file '../../../bullet3-src/test/SharedMemory/gtestwrap.cpp')
      C:\Users\Admin\Desktop\UnchartedBlockout\build\_deps\bullet3-src\test\gtest-1.7.0\include\gtest\internal\gtest-param-util-generated.h(5148,34):
      the template instantiation context (the oldest one first) is
          C:\Users\Admin\Desktop\UnchartedBlockout\build\_deps\bullet3-src\test\gtest-1.7.0\include\gtest\internal\gtest-param-util-generated.h(5142,7):
          while compiling class template 'testing::internal::CartesianProductHolder2'
  
C:\Users\Admin\Desktop\UnchartedBlockout\build\_deps\bullet3-src\test\gtest-1.7.0\include\gtest\internal\gtest-param-util-generated.h(5172,34): error C3083: 'tr1': the symbol to the left of a '::' must be a type
  (compiling source file '../../../bullet3-src/test/SharedMemory/gtestwrap.cpp')
      C:\Users\Admin\Desktop\UnchartedBlockout\build\_deps\bullet3-src\test\gtest-1.7.0\include\gtest\internal\gtest-param-util-generated.h(5172,34):
      the template instantiation context (the oldest one first) is
          C:\Users\Admin\Desktop\UnchartedBlockout\build\_deps\bullet3-src\test\gtest-1.7.0\include\gtest\internal\gtest-param-util-generated.h(5165,7):
          while compiling class template 'testing::internal::CartesianProductHolder3'
  
C:\Users\Admin\Desktop\UnchartedBlockout\build\_deps\bullet3-src\test\gtest-1.7.0\include\gtest\internal\gtest-param-util-generated.h(5199,34): error C3083: 'tr1': the symbol to the left of a '::' must be a type
  (compiling source file '../../../bullet3-src/test/SharedMemory/gtestwrap.cpp')
      C:\Users\Admin\Desktop\UnchartedBlockout\build\_deps\bullet3-src\test\gtest-1.7.0\include\gtest\internal\gtest-param-util-generated.h(5199,34):
      the template instantiation context (the oldest one first) is
          C:\Users\Admin\Desktop\UnchartedBlockout\build\_deps\bullet3-src\test\gtest-1.7.0\include\gtest\internal\gtest-param-util-generated.h(5192,7):
          while compiling class template 'testing::internal::CartesianProductHolder4'
  
C:\Users\Admin\Desktop\UnchartedBlockout\build\_deps\bullet3-src\test\gtest-1.7.0\include\gtest\internal\gtest-param-util-generated.h(5228,34): error C3083: 'tr1': the symbol to the left of a '::' must be a type
  (compiling source file '../../../bullet3-src/test/SharedMemory/gtestwrap.cpp')
      C:\Users\Admin\Desktop\UnchartedBlockout\build\_deps\bullet3-src\test\gtest-1.7.0\include\gtest\internal\gtest-param-util-generated.h(5228,34):
      the template instantiation context (the oldest one first) is
          C:\Users\Admin\Desktop\UnchartedBlockout\build\_deps\bullet3-src\test\gtest-1.7.0\include\gtest\internal\gtest-param-util-generated.h(5221,7):
          while compiling class template 'testing::internal::CartesianProductHolder5'
  
C:\Users\Admin\Desktop\UnchartedBlockout\build\_deps\bullet3-src\test\gtest-1.7.0\include\gtest\internal\gtest-param-util-generated.h(5261,34): error C3083: 'tr1': the symbol to the left of a '::' must be a type
  (compiling source file '../../../bullet3-src/test/SharedMemory/gtestwrap.cpp')
      C:\Users\Admin\Desktop\UnchartedBlockout\build\_deps\bullet3-src\test\gtest-1.7.0\include\gtest\internal\gtest-param-util-generated.h(5261,34):
      the template instantiation context (the oldest one first) is
          C:\Users\Admin\Desktop\UnchartedBlockout\build\_deps\bullet3-src\test\gtest-1.7.0\include\gtest\internal\gtest-param-util-generated.h(5252,7):
          while compiling class template 'testing::internal::CartesianProductHolder6'
  
C:\Users\Admin\Desktop\UnchartedBlockout\build\_deps\bullet3-src\test\gtest-1.7.0\include\gtest\internal\gtest-param-util-generated.h(5296,34): error C3083: 'tr1': the symbol to the left of a '::' must be a type
  (compiling source file '../../../bullet3-src/test/SharedMemory/gtestwrap.cpp')
      C:\Users\Admin\Desktop\UnchartedBlockout\build\_deps\bullet3-src\test\gtest-1.7.0\include\gtest\internal\gtest-param-util-generated.h(5296,34):
      the template instantiation context (the oldest one first) is
          C:\Users\Admin\Desktop\UnchartedBlockout\build\_deps\bullet3-src\test\gtest-1.7.0\include\gtest\internal\gtest-param-util-generated.h(5287,7):
          while compiling class template 'testing::internal::CartesianProductHolder7'
  
C:\Users\Admin\Desktop\UnchartedBlockout\build\_deps\bullet3-src\test\gtest-1.7.0\include\gtest\internal\gtest-param-util-generated.h(5335,34): error C3083: 'tr1': the symbol to the left of a '::' must be a type
  (compiling source file '../../../bullet3-src/test/SharedMemory/gtestwrap.cpp')
      C:\Users\Admin\Desktop\UnchartedBlockout\build\_deps\bullet3-src\test\gtest-1.7.0\include\gtest\internal\gtest-param-util-generated.h(5335,34):
      the template instantiation context (the oldest one first) is
          C:\Users\Admin\Desktop\UnchartedBlockout\build\_deps\bullet3-src\test\gtest-1.7.0\include\gtest\internal\gtest-param-util-generated.h(5326,7):
          while compiling class template 'testing::internal::CartesianProductHolder8'
  
C:\Users\Admin\Desktop\UnchartedBlockout\build\_deps\bullet3-src\test\gtest-1.7.0\include\gtest\internal\gtest-param-util-generated.h(5377,34): error C3083: 'tr1': the symbol to the left of a '::' must be a type
  (compiling source file '../../../bullet3-src/test/SharedMemory/gtestwrap.cpp')
      C:\Users\Admin\Desktop\UnchartedBlockout\build\_deps\bullet3-src\test\gtest-1.7.0\include\gtest\internal\gtest-param-util-generated.h(5377,34):
      the template instantiation context (the oldest one first) is
          C:\Users\Admin\Desktop\UnchartedBlockout\build\_deps\bullet3-src\test\gtest-1.7.0\include\gtest\internal\gtest-param-util-generated.h(5367,7):
          while compiling class template 'testing::internal::CartesianProductHolder9'
  
C:\Users\Admin\Desktop\UnchartedBlockout\build\_deps\bullet3-src\test\gtest-1.7.0\include\gtest\internal\gtest-param-util-generated.h(5422,34): error C3083: 'tr1': the symbol to the left of a '::' must be a type
  (compiling source file '../../../bullet3-src/test/SharedMemory/gtestwrap.cpp')
      C:\Users\Admin\Desktop\UnchartedBlockout\build\_deps\bullet3-src\test\gtest-1.7.0\include\gtest\internal\gtest-param-util-generated.h(5422,34):
      the template instantiation context (the oldest one first) is
          C:\Users\Admin\Desktop\UnchartedBlockout\build\_deps\bullet3-src\test\gtest-1.7.0\include\gtest\internal\gtest-param-util-generated.h(5412,7):
          while compiling class template 'testing::internal::CartesianProductHolder10'
  
  PhysicsClient.cpp
  b3ResourcePath.cpp
  b3Clock.cpp
  URDF2Bullet.cpp
  stb_image.cpp
C:\Users\Admin\Desktop\UnchartedBlockout\build\_deps\bullet3-src\examples\ThirdPartyLibs\stb_image\stb_image.cpp(220,9): warning C4312: 'type cast': conversion from 'int' to 'unsigned char *' of greater size
C:\Users\Admin\Desktop\UnchartedBlockout\build\_deps\bullet3-src\examples\ThirdPartyLibs\stb_image\stb_image.cpp(228,17): warning C4312: 'type cast': conversion from 'int' to 'unsigned char *' of greater size
C:\Users\Admin\Desktop\UnchartedBlockout\build\_deps\bullet3-src\examples\ThirdPartyLibs\stb_image\stb_image.cpp(268,9): warning C4312: 'type cast': conversion from 'int' to 'float *' of greater size
C:\Users\Admin\Desktop\UnchartedBlockout\build\_deps\bullet3-src\examples\ThirdPartyLibs\stb_image\stb_image.cpp(290,17): warning C4312: 'type cast': conversion from 'int' to 'float *' of greater size
C:\Users\Admin\Desktop\UnchartedBlockout\build\_deps\bullet3-src\examples\ThirdPartyLibs\stb_image\stb_image.cpp(524,10): warning C4312: 'type cast': conversion from 'int' to 'unsigned char *' of greater size
C:\Users\Admin\Desktop\UnchartedBlockout\build\_deps\bullet3-src\examples\ThirdPartyLibs\stb_image\stb_image.cpp(601,10): warning C4312: 'type cast': conversion from 'int' to 'float *' of greater size
C:\Users\Admin\Desktop\UnchartedBlockout\build\_deps\bullet3-src\examples\ThirdPartyLibs\stb_image\stb_image.cpp(628,10): warning C4312: 'type cast': conversion from 'int' to 'unsigned char *' of greater size
C:\Users\Admin\Desktop\UnchartedBlockout\build\_deps\bullet3-src\examples\ThirdPartyLibs\stb_image\stb_image.cpp(1643,43): warning C4312: 'type cast': conversion from 'int' to 'unsigned char *' of greater size
C:\Users\Admin\Desktop\UnchartedBlockout\build\_deps\bullet3-src\examples\ThirdPartyLibs\stb_image\stb_image.cpp(1680,12): warning C4312: 'type cast': conversion from 'int' to 'unsigned char *' of greater size
C:\Users\Admin\Desktop\UnchartedBlockout\build\_deps\bullet3-src\examples\ThirdPartyLibs\stb_image\stb_image.cpp(1707,11): warning C4312: 'type cast': conversion from 'int' to 'unsigned char *' of greater size
C:\Users\Admin\Desktop\UnchartedBlockout\build\_deps\bullet3-src\examples\ThirdPartyLibs\stb_image\stb_image.cpp(2851,43): warning C4312: 'type cast': conversion from 'int' to 'unsigned char *' of greater size
C:\Users\Admin\Desktop\UnchartedBlockout\build\_deps\bullet3-src\examples\ThirdPartyLibs\stb_image\stb_image.cpp(2984,47): warning C4312: 'type cast': conversion from 'int' to 'unsigned char *' of greater size
C:\Users\Admin\Desktop\UnchartedBlockout\build\_deps\bullet3-src\examples\ThirdPartyLibs\stb_image\stb_image.cpp(2990,64): warning C4312: 'type cast': conversion from 'int' to 'unsigned char *' of greater size
C:\Users\Admin\Desktop\UnchartedBlockout\build\_deps\bullet3-src\examples\ThirdPartyLibs\stb_image\stb_image.cpp(3001,30): warning C4312: 'type cast': conversion from 'int' to 'unsigned char *' of greater size
C:\Users\Admin\Desktop\UnchartedBlockout\build\_deps\bullet3-src\examples\ThirdPartyLibs\stb_image\stb_image.cpp(3003,23): warning C4312: 'type cast': conversion from 'int' to 'unsigned char *' of greater size
C:\Users\Admin\Desktop\UnchartedBlockout\build\_deps\bullet3-src\examples\ThirdPartyLibs\stb_image\stb_image.cpp(3014,46): warning C4312: 'type cast': conversion from 'int' to 'unsigned char *' of greater size
C:\Users\Admin\Desktop\UnchartedBlockout\build\_deps\bullet3-src\examples\ThirdPartyLibs\stb_image\stb_image.cpp(3058,14): warning C4312: 'type cast': conversion from 'int' to 'unsigned char *' of greater size
C:\Users\Admin\Desktop\UnchartedBlockout\build\_deps\bullet3-src\examples\ThirdPartyLibs\stb_image\stb_image.cpp(3062,13): warning C4312: 'type cast': conversion from 'int' to 'unsigned char *' of greater size
C:\Users\Admin\Desktop\UnchartedBlockout\build\_deps\bullet3-src\examples\ThirdPartyLibs\stb_image\stb_image.cpp(3085,19): warning C4312: 'type cast': conversion from 'int' to 'unsigned char *' of greater size
C:\Users\Admin\Desktop\UnchartedBlockout\build\_deps\bullet3-src\examples\ThirdPartyLibs\stb_image\stb_image.cpp(3092,11): warning C4312: 'type cast': conversion from 'int' to 'unsigned char *' of greater size
C:\Users\Admin\Desktop\UnchartedBlockout\build\_deps\bullet3-src\examples\ThirdPartyLibs\stb_image\stb_image.cpp(3110,11): warning C4312: 'type cast': conversion from 'int' to 'unsigned char *' of greater size
C:\Users\Admin\Desktop\UnchartedBlockout\build\_deps\bullet3-src\examples\ThirdPartyLibs\stb_image\stb_image.cpp(3164,12): warning C4312: 'type cast': conversion from 'int' to 'unsigned char *' of greater size
C:\Users\Admin\Desktop\UnchartedBlockout\build\_deps\bullet3-src\examples\ThirdPartyLibs\stb_image\stb_image.cpp(3380,24): warning C4312: 'type cast': conversion from 'int' to 'unsigned char *' of greater size
C:\Users\Admin\Desktop\UnchartedBlockout\build\_deps\bullet3-src\examples\ThirdPartyLibs\stb_image\stb_image.cpp(3391,28): warning C4312: 'type cast': conversion from 'int' to 'unsigned char *' of greater size
C:\Users\Admin\Desktop\UnchartedBlockout\build\_deps\bullet3-src\examples\ThirdPartyLibs\stb_image\stb_image.cpp(3396,11): warning C4312: 'type cast': conversion from 'int' to 'unsigned char *' of greater size
C:\Users\Admin\Desktop\UnchartedBlockout\build\_deps\bullet3-src\examples\ThirdPartyLibs\stb_image\stb_image.cpp(3577,10): warning C4312: 'type cast': conversion from 'int' to 'unsigned char *' of greater size
C:\Users\Admin\Desktop\UnchartedBlockout\build\_deps\bullet3-src\examples\ThirdPartyLibs\stb_image\stb_image.cpp(3581,10): warning C4312: 'type cast': conversion from 'int' to 'unsigned char *' of greater size
C:\Users\Admin\Desktop\UnchartedBlockout\build\_deps\bullet3-src\examples\ThirdPartyLibs\stb_image\stb_image.cpp(3589,10): warning C4312: 'type cast': conversion from 'int' to 'unsigned char *' of greater size
C:\Users\Admin\Desktop\UnchartedBlockout\build\_deps\bullet3-src\examples\ThirdPartyLibs\stb_image\stb_image.cpp(3597,10): warning C4312: 'type cast': conversion from 'int' to 'unsigned char *' of greater size
C:\Users\Admin\Desktop\UnchartedBlockout\build\_deps\bullet3-src\examples\ThirdPartyLibs\stb_image\stb_image.cpp(3610,10): warning C4312: 'type cast': conversion from 'int' to 'unsigned char *' of greater size
C:\Users\Admin\Desktop\UnchartedBlockout\build\_deps\bullet3-src\examples\ThirdPartyLibs\stb_image\stb_image.cpp(3627,10): warning C4312: 'type cast': conversion from 'int' to 'unsigned char *' of greater size
C:\Users\Admin\Desktop\UnchartedBlockout\build\_deps\bullet3-src\examples\ThirdPartyLibs\stb_image\stb_image.cpp(3631,19): warning C4312: 'type cast': conversion from 'int' to 'unsigned char *' of greater size
C:\Users\Admin\Desktop\UnchartedBlockout\build\_deps\bullet3-src\examples\ThirdPartyLibs\stb_image\stb_image.cpp(3795,26): warning C4312: 'type cast': conversion from 'int' to 'unsigned char *' of greater size
C:\Users\Admin\Desktop\UnchartedBlockout\build\_deps\bullet3-src\examples\ThirdPartyLibs\stb_image\stb_image.cpp(3824,11): warning C4312: 'type cast': conversion from 'int' to 'unsigned char *' of greater size
C:\Users\Admin\Desktop\UnchartedBlockout\build\_deps\bullet3-src\examples\ThirdPartyLibs\stb_image\stb_image.cpp(3835,25): warning C4312: 'type cast': conversion from 'int' to 'unsigned char *' of greater size
C:\Users\Admin\Desktop\UnchartedBlockout\build\_deps\bullet3-src\examples\ThirdPartyLibs\stb_image\stb_image.cpp(3836,33): warning C4312: 'type cast': conversion from 'int' to 'unsigned char *' of greater size
C:\Users\Admin\Desktop\UnchartedBlockout\build\_deps\bullet3-src\examples\ThirdPartyLibs\stb_image\stb_image.cpp(3853,13): warning C4312: 'type cast': conversion from 'int' to 'unsigned char *' of greater size
C:\Users\Admin\Desktop\UnchartedBlockout\build\_deps\bullet3-src\examples\ThirdPartyLibs\stb_image\stb_image.cpp(3874,29): warning C4312: 'type cast': conversion from 'int' to 'unsigned char *' of greater size
C:\Users\Admin\Desktop\UnchartedBlockout\build\_deps\bullet3-src\examples\ThirdPartyLibs\stb_image\stb_image.cpp(3894,29): warning C4312: 'type cast': conversion from 'int' to 'unsigned char *' of greater size
C:\Users\Admin\Desktop\UnchartedBlockout\build\_deps\bullet3-src\examples\ThirdPartyLibs\stb_image\stb_image.cpp(3906,16): warning C4312: 'type cast': conversion from 'int' to 'unsigned char *' of greater size
C:\Users\Admin\Desktop\UnchartedBlockout\build\_deps\bullet3-src\examples\ThirdPartyLibs\stb_image\stb_image.cpp(3917,33): warning C4312: 'type cast': conversion from 'int' to 'unsigned char *' of greater size
C:\Users\Admin\Desktop\UnchartedBlockout\build\_deps\bullet3-src\examples\ThirdPartyLibs\stb_image\stb_image.cpp(3944,24): warning C4312: 'type cast': conversion from 'int' to 'unsigned char *' of greater size
C:\Users\Admin\Desktop\UnchartedBlockout\build\_deps\bullet3-src\examples\ThirdPartyLibs\stb_image\stb_image.cpp(3945,32): warning C4312: 'type cast': conversion from 'int' to 'unsigned char *' of greater size
C:\Users\Admin\Desktop\UnchartedBlockout\build\_deps\bullet3-src\examples\ThirdPartyLibs\stb_image\stb_image.cpp(4177,23): warning C4312: 'type cast': conversion from 'int' to 'unsigned char *' of greater size
C:\Users\Admin\Desktop\UnchartedBlockout\build\_deps\bullet3-src\examples\ThirdPartyLibs\stb_image\stb_image.cpp(4182,31): warning C4312: 'type cast': conversion from 'int' to 'unsigned char *' of greater size
C:\Users\Admin\Desktop\UnchartedBlockout\build\_deps\bullet3-src\examples\ThirdPartyLibs\stb_image\stb_image.cpp(4188,13): warning C4312: 'type cast': conversion from 'int' to 'unsigned char *' of greater size
C:\Users\Admin\Desktop\UnchartedBlockout\build\_deps\bullet3-src\examples\ThirdPartyLibs\stb_image\stb_image.cpp(4202,12): warning C4312: 'type cast': conversion from 'int' to 'unsigned char *' of greater size
C:\Users\Admin\Desktop\UnchartedBlockout\build\_deps\bullet3-src\examples\ThirdPartyLibs\stb_image\stb_image.cpp(4233,27): warning C4312: 'type cast': conversion from 'int' to 'unsigned char *' of greater size
C:\Users\Admin\Desktop\UnchartedBlockout\build\_deps\bullet3-src\examples\ThirdPartyLibs\stb_image\stb_image.cpp(4243,28): warning C4312: 'type cast': conversion from 'int' to 'unsigned char *' of greater size
C:\Users\Admin\Desktop\UnchartedBlockout\build\_deps\bullet3-src\examples\ThirdPartyLibs\stb_image\stb_image.cpp(4262,13): warning C4312: 'type cast': conversion from 'int' to 'unsigned char *' of greater size
C:\Users\Admin\Desktop\UnchartedBlockout\build\_deps\bullet3-src\examples\ThirdPartyLibs\stb_image\stb_image.cpp(4299,13): warning C4312: 'type cast': conversion from 'int' to 'unsigned char *' of greater size
C:\Users\Admin\Desktop\UnchartedBlockout\build\_deps\bullet3-src\examples\ThirdPartyLibs\stb_image\stb_image.cpp(4336,12): warning C4312: 'type cast': conversion from 'int' to 'unsigned char *' of greater size
C:\Users\Admin\Desktop\UnchartedBlockout\build\_deps\bullet3-src\examples\ThirdPartyLibs\stb_image\stb_image.cpp(4458,10): warning C4312: 'type cast': conversion from 'int' to 'float *' of greater size
C:\Users\Admin\Desktop\UnchartedBlockout\build\_deps\bullet3-src\examples\ThirdPartyLibs\stb_image\stb_image.cpp(4468,21): warning C4312: 'type cast': conversion from 'int' to 'float *' of greater size
C:\Users\Admin\Desktop\UnchartedBlockout\build\_deps\bullet3-src\examples\ThirdPartyLibs\stb_image\stb_image.cpp(4473,39): warning C4312: 'type cast': conversion from 'int' to 'float *' of greater size
C:\Users\Admin\Desktop\UnchartedBlockout\build\_deps\bullet3-src\examples\ThirdPartyLibs\stb_image\stb_image.cpp(4477,39): warning C4312: 'type cast': conversion from 'int' to 'float *' of greater size
C:\Users\Admin\Desktop\UnchartedBlockout\build\_deps\bullet3-src\examples\ThirdPartyLibs\stb_image\stb_image.cpp(4537,12): warning C4312: 'type cast': conversion from 'int' to 'float *' of greater size
  Generating Code...
