  test_invdyn_kinematics.cpp
C:\Users\Admin\Desktop\UnchartedBlockout\build\_deps\bullet3-src\test\gtest-1.7.0\include\gtest\gtest-printers.h(532,34): error C2039: 'tr1': is not a member of 'std'
  (compiling source file '../../../bullet3-src/test/InverseDynamics/test_invdyn_kinematics.cpp')
      C:\Program Files\Microsoft Visual Studio\2022\Community\VC\Tools\MSVC\14.44.35207\include\set(22,1):
      see declaration of 'std'
  
C:\Users\Admin\Desktop\UnchartedBlockout\build\_deps\bullet3-src\test\gtest-1.7.0\include\gtest\gtest-printers.h(532,34): error C3083: 'tr1': the symbol to the left of a '::' must be a type
  (compiling source file '../../../bullet3-src/test/InverseDynamics/test_invdyn_kinematics.cpp')
  
C:\Users\Admin\Desktop\UnchartedBlockout\build\_deps\bullet3-src\test\gtest-1.7.0\include\gtest\gtest-printers.h(538,27): error C3083: 'tr1': the symbol to the left of a '::' must be a type
  (compiling source file '../../../bullet3-src/test/InverseDynamics/test_invdyn_kinematics.cpp')
  
C:\Users\Admin\Desktop\UnchartedBlockout\build\_deps\bullet3-src\test\gtest-1.7.0\include\gtest\gtest-printers.h(544,27): error C3083: 'tr1': the symbol to the left of a '::' must be a type
  (compiling source file '../../../bullet3-src/test/InverseDynamics/test_invdyn_kinematics.cpp')
  
C:\Users\Admin\Desktop\UnchartedBlockout\build\_deps\bullet3-src\test\gtest-1.7.0\include\gtest\gtest-printers.h(550,27): error C3083: 'tr1': the symbol to the left of a '::' must be a type
  (compiling source file '../../../bullet3-src/test/InverseDynamics/test_invdyn_kinematics.cpp')
  
C:\Users\Admin\Desktop\UnchartedBlockout\build\_deps\bullet3-src\test\gtest-1.7.0\include\gtest\gtest-printers.h(556,27): error C3083: 'tr1': the symbol to the left of a '::' must be a type
  (compiling source file '../../../bullet3-src/test/InverseDynamics/test_invdyn_kinematics.cpp')
  
C:\Users\Admin\Desktop\UnchartedBlockout\build\_deps\bullet3-src\test\gtest-1.7.0\include\gtest\gtest-printers.h(562,27): error C3083: 'tr1': the symbol to the left of a '::' must be a type
  (compiling source file '../../../bullet3-src/test/InverseDynamics/test_invdyn_kinematics.cpp')
  
C:\Users\Admin\Desktop\UnchartedBlockout\build\_deps\bullet3-src\test\gtest-1.7.0\include\gtest\gtest-printers.h(570,27): error C3083: 'tr1': the symbol to the left of a '::' must be a type
  (compiling source file '../../../bullet3-src/test/InverseDynamics/test_invdyn_kinematics.cpp')
  
C:\Users\Admin\Desktop\UnchartedBlockout\build\_deps\bullet3-src\test\gtest-1.7.0\include\gtest\gtest-printers.h(578,27): error C3083: 'tr1': the symbol to the left of a '::' must be a type
  (compiling source file '../../../bullet3-src/test/InverseDynamics/test_invdyn_kinematics.cpp')
  
C:\Users\Admin\Desktop\UnchartedBlockout\build\_deps\bullet3-src\test\gtest-1.7.0\include\gtest\gtest-printers.h(586,27): error C3083: 'tr1': the symbol to the left of a '::' must be a type
  (compiling source file '../../../bullet3-src/test/InverseDynamics/test_invdyn_kinematics.cpp')
  
C:\Users\Admin\Desktop\UnchartedBlockout\build\_deps\bullet3-src\test\gtest-1.7.0\include\gtest\gtest-printers.h(594,27): error C3083: 'tr1': the symbol to the left of a '::' must be a type
  (compiling source file '../../../bullet3-src/test/InverseDynamics/test_invdyn_kinematics.cpp')
  
C:\Users\Admin\Desktop\UnchartedBlockout\build\_deps\bullet3-src\test\gtest-1.7.0\include\gtest\gtest-printers.h(603,15): error C3083: 'tr1': the symbol to the left of a '::' must be a type
  (compiling source file '../../../bullet3-src/test/InverseDynamics/test_invdyn_kinematics.cpp')
  
C:\Users\Admin\Desktop\UnchartedBlockout\build\_deps\bullet3-src\test\gtest-1.7.0\include\gtest\internal\gtest-param-util-generated.h(3235,43): error C3083: 'tr1': the symbol to the left of a '::' must be a type
  (compiling source file '../../../bullet3-src/test/InverseDynamics/test_invdyn_kinematics.cpp')
      C:\Users\Admin\Desktop\UnchartedBlockout\build\_deps\bullet3-src\test\gtest-1.7.0\include\gtest\internal\gtest-param-util-generated.h(3235,43):
      the template instantiation context (the oldest one first) is
          C:\Users\Admin\Desktop\UnchartedBlockout\build\_deps\bullet3-src\test\gtest-1.7.0\include\gtest\internal\gtest-param-util-generated.h(3234,7):
          while compiling class template 'testing::internal::CartesianProductGenerator2'
  
C:\Users\Admin\Desktop\UnchartedBlockout\build\_deps\bullet3-src\test\gtest-1.7.0\include\gtest\internal\gtest-param-util-generated.h(3238,17): error C3083: 'tr1': the symbol to the left of a '::' must be a type
  (compiling source file '../../../bullet3-src/test/InverseDynamics/test_invdyn_kinematics.cpp')
  
C:\Users\Admin\Desktop\UnchartedBlockout\build\_deps\bullet3-src\test\gtest-1.7.0\include\gtest\internal\gtest-param-util-generated.h(3364,43): error C3083: 'tr1': the symbol to the left of a '::' must be a type
  (compiling source file '../../../bullet3-src/test/InverseDynamics/test_invdyn_kinematics.cpp')
      C:\Users\Admin\Desktop\UnchartedBlockout\build\_deps\bullet3-src\test\gtest-1.7.0\include\gtest\internal\gtest-param-util-generated.h(3364,43):
      the template instantiation context (the oldest one first) is
          C:\Users\Admin\Desktop\UnchartedBlockout\build\_deps\bullet3-src\test\gtest-1.7.0\include\gtest\internal\gtest-param-util-generated.h(3363,7):
          while compiling class template 'testing::internal::CartesianProductGenerator3'
  
C:\Users\Admin\Desktop\UnchartedBlockout\build\_deps\bullet3-src\test\gtest-1.7.0\include\gtest\internal\gtest-param-util-generated.h(3367,17): error C3083: 'tr1': the symbol to the left of a '::' must be a type
  (compiling source file '../../../bullet3-src/test/InverseDynamics/test_invdyn_kinematics.cpp')
  
C:\Users\Admin\Desktop\UnchartedBlockout\build\_deps\bullet3-src\test\gtest-1.7.0\include\gtest\internal\gtest-param-util-generated.h(3513,43): error C3083: 'tr1': the symbol to the left of a '::' must be a type
  (compiling source file '../../../bullet3-src/test/InverseDynamics/test_invdyn_kinematics.cpp')
      C:\Users\Admin\Desktop\UnchartedBlockout\build\_deps\bullet3-src\test\gtest-1.7.0\include\gtest\internal\gtest-param-util-generated.h(3513,43):
      the template instantiation context (the oldest one first) is
          C:\Users\Admin\Desktop\UnchartedBlockout\build\_deps\bullet3-src\test\gtest-1.7.0\include\gtest\internal\gtest-param-util-generated.h(3512,7):
          while compiling class template 'testing::internal::CartesianProductGenerator4'
  
C:\Users\Admin\Desktop\UnchartedBlockout\build\_deps\bullet3-src\test\gtest-1.7.0\include\gtest\internal\gtest-param-util-generated.h(3516,17): error C3083: 'tr1': the symbol to the left of a '::' must be a type
  (compiling source file '../../../bullet3-src/test/InverseDynamics/test_invdyn_kinematics.cpp')
  
C:\Users\Admin\Desktop\UnchartedBlockout\build\_deps\bullet3-src\test\gtest-1.7.0\include\gtest\internal\gtest-param-util-generated.h(3684,43): error C3083: 'tr1': the symbol to the left of a '::' must be a type
  (compiling source file '../../../bullet3-src/test/InverseDynamics/test_invdyn_kinematics.cpp')
      C:\Users\Admin\Desktop\UnchartedBlockout\build\_deps\bullet3-src\test\gtest-1.7.0\include\gtest\internal\gtest-param-util-generated.h(3684,43):
      the template instantiation context (the oldest one first) is
          C:\Users\Admin\Desktop\UnchartedBlockout\build\_deps\bullet3-src\test\gtest-1.7.0\include\gtest\internal\gtest-param-util-generated.h(3683,7):
          while compiling class template 'testing::internal::CartesianProductGenerator5'
  
C:\Users\Admin\Desktop\UnchartedBlockout\build\_deps\bullet3-src\test\gtest-1.7.0\include\gtest\internal\gtest-param-util-generated.h(3687,17): error C3083: 'tr1': the symbol to the left of a '::' must be a type
  (compiling source file '../../../bullet3-src/test/InverseDynamics/test_invdyn_kinematics.cpp')
  
C:\Users\Admin\Desktop\UnchartedBlockout\build\_deps\bullet3-src\test\gtest-1.7.0\include\gtest\internal\gtest-param-util-generated.h(3875,43): error C3083: 'tr1': the symbol to the left of a '::' must be a type
  (compiling source file '../../../bullet3-src/test/InverseDynamics/test_invdyn_kinematics.cpp')
      C:\Users\Admin\Desktop\UnchartedBlockout\build\_deps\bullet3-src\test\gtest-1.7.0\include\gtest\internal\gtest-param-util-generated.h(3875,43):
      the template instantiation context (the oldest one first) is
          C:\Users\Admin\Desktop\UnchartedBlockout\build\_deps\bullet3-src\test\gtest-1.7.0\include\gtest\internal\gtest-param-util-generated.h(3874,7):
          while compiling class template 'testing::internal::CartesianProductGenerator6'
  
C:\Users\Admin\Desktop\UnchartedBlockout\build\_deps\bullet3-src\test\gtest-1.7.0\include\gtest\internal\gtest-param-util-generated.h(3879,17): error C3083: 'tr1': the symbol to the left of a '::' must be a type
  (compiling source file '../../../bullet3-src/test/InverseDynamics/test_invdyn_kinematics.cpp')
  
C:\Users\Admin\Desktop\UnchartedBlockout\build\_deps\bullet3-src\test\gtest-1.7.0\include\gtest\internal\gtest-param-util-generated.h(4087,43): error C3083: 'tr1': the symbol to the left of a '::' must be a type
  (compiling source file '../../../bullet3-src/test/InverseDynamics/test_invdyn_kinematics.cpp')
      C:\Users\Admin\Desktop\UnchartedBlockout\build\_deps\bullet3-src\test\gtest-1.7.0\include\gtest\internal\gtest-param-util-generated.h(4087,43):
      the template instantiation context (the oldest one first) is
          C:\Users\Admin\Desktop\UnchartedBlockout\build\_deps\bullet3-src\test\gtest-1.7.0\include\gtest\internal\gtest-param-util-generated.h(4086,7):
          while compiling class template 'testing::internal::CartesianProductGenerator7'
  
C:\Users\Admin\Desktop\UnchartedBlockout\build\_deps\bullet3-src\test\gtest-1.7.0\include\gtest\internal\gtest-param-util-generated.h(4091,17): error C3083: 'tr1': the symbol to the left of a '::' must be a type
  (compiling source file '../../../bullet3-src/test/InverseDynamics/test_invdyn_kinematics.cpp')
  
C:\Users\Admin\Desktop\UnchartedBlockout\build\_deps\bullet3-src\test\gtest-1.7.0\include\gtest\internal\gtest-param-util-generated.h(4319,43): error C3083: 'tr1': the symbol to the left of a '::' must be a type
  (compiling source file '../../../bullet3-src/test/InverseDynamics/test_invdyn_kinematics.cpp')
      C:\Users\Admin\Desktop\UnchartedBlockout\build\_deps\bullet3-src\test\gtest-1.7.0\include\gtest\internal\gtest-param-util-generated.h(4319,43):
      the template instantiation context (the oldest one first) is
          C:\Users\Admin\Desktop\UnchartedBlockout\build\_deps\bullet3-src\test\gtest-1.7.0\include\gtest\internal\gtest-param-util-generated.h(4318,7):
          while compiling class template 'testing::internal::CartesianProductGenerator8'
  
C:\Users\Admin\Desktop\UnchartedBlockout\build\_deps\bullet3-src\test\gtest-1.7.0\include\gtest\internal\gtest-param-util-generated.h(4323,17): error C3083: 'tr1': the symbol to the left of a '::' must be a type
  (compiling source file '../../../bullet3-src/test/InverseDynamics/test_invdyn_kinematics.cpp')
  
C:\Users\Admin\Desktop\UnchartedBlockout\build\_deps\bullet3-src\test\gtest-1.7.0\include\gtest\internal\gtest-param-util-generated.h(4572,43): error C3083: 'tr1': the symbol to the left of a '::' must be a type
  (compiling source file '../../../bullet3-src/test/InverseDynamics/test_invdyn_kinematics.cpp')
      C:\Users\Admin\Desktop\UnchartedBlockout\build\_deps\bullet3-src\test\gtest-1.7.0\include\gtest\internal\gtest-param-util-generated.h(4572,43):
      the template instantiation context (the oldest one first) is
          C:\Users\Admin\Desktop\UnchartedBlockout\build\_deps\bullet3-src\test\gtest-1.7.0\include\gtest\internal\gtest-param-util-generated.h(4571,7):
          while compiling class template 'testing::internal::CartesianProductGenerator9'
  
C:\Users\Admin\Desktop\UnchartedBlockout\build\_deps\bullet3-src\test\gtest-1.7.0\include\gtest\internal\gtest-param-util-generated.h(4576,17): error C3083: 'tr1': the symbol to the left of a '::' must be a type
  (compiling source file '../../../bullet3-src/test/InverseDynamics/test_invdyn_kinematics.cpp')
  
C:\Users\Admin\Desktop\UnchartedBlockout\build\_deps\bullet3-src\test\gtest-1.7.0\include\gtest\internal\gtest-param-util-generated.h(4845,43): error C3083: 'tr1': the symbol to the left of a '::' must be a type
  (compiling source file '../../../bullet3-src/test/InverseDynamics/test_invdyn_kinematics.cpp')
      C:\Users\Admin\Desktop\UnchartedBlockout\build\_deps\bullet3-src\test\gtest-1.7.0\include\gtest\internal\gtest-param-util-generated.h(4845,43):
      the template instantiation context (the oldest one first) is
          C:\Users\Admin\Desktop\UnchartedBlockout\build\_deps\bullet3-src\test\gtest-1.7.0\include\gtest\internal\gtest-param-util-generated.h(4844,7):
          while compiling class template 'testing::internal::CartesianProductGenerator10'
  
C:\Users\Admin\Desktop\UnchartedBlockout\build\_deps\bullet3-src\test\gtest-1.7.0\include\gtest\internal\gtest-param-util-generated.h(4849,17): error C3083: 'tr1': the symbol to the left of a '::' must be a type
  (compiling source file '../../../bullet3-src/test/InverseDynamics/test_invdyn_kinematics.cpp')
  
C:\Users\Admin\Desktop\UnchartedBlockout\build\_deps\bullet3-src\test\gtest-1.7.0\include\gtest\internal\gtest-param-util-generated.h(5148,34): error C3083: 'tr1': the symbol to the left of a '::' must be a type
  (compiling source file '../../../bullet3-src/test/InverseDynamics/test_invdyn_kinematics.cpp')
      C:\Users\Admin\Desktop\UnchartedBlockout\build\_deps\bullet3-src\test\gtest-1.7.0\include\gtest\internal\gtest-param-util-generated.h(5148,34):
      the template instantiation context (the oldest one first) is
          C:\Users\Admin\Desktop\UnchartedBlockout\build\_deps\bullet3-src\test\gtest-1.7.0\include\gtest\internal\gtest-param-util-generated.h(5142,7):
          while compiling class template 'testing::internal::CartesianProductHolder2'
  
C:\Users\Admin\Desktop\UnchartedBlockout\build\_deps\bullet3-src\test\gtest-1.7.0\include\gtest\internal\gtest-param-util-generated.h(5172,34): error C3083: 'tr1': the symbol to the left of a '::' must be a type
  (compiling source file '../../../bullet3-src/test/InverseDynamics/test_invdyn_kinematics.cpp')
      C:\Users\Admin\Desktop\UnchartedBlockout\build\_deps\bullet3-src\test\gtest-1.7.0\include\gtest\internal\gtest-param-util-generated.h(5172,34):
      the template instantiation context (the oldest one first) is
          C:\Users\Admin\Desktop\UnchartedBlockout\build\_deps\bullet3-src\test\gtest-1.7.0\include\gtest\internal\gtest-param-util-generated.h(5165,7):
          while compiling class template 'testing::internal::CartesianProductHolder3'
  
C:\Users\Admin\Desktop\UnchartedBlockout\build\_deps\bullet3-src\test\gtest-1.7.0\include\gtest\internal\gtest-param-util-generated.h(5199,34): error C3083: 'tr1': the symbol to the left of a '::' must be a type
  (compiling source file '../../../bullet3-src/test/InverseDynamics/test_invdyn_kinematics.cpp')
      C:\Users\Admin\Desktop\UnchartedBlockout\build\_deps\bullet3-src\test\gtest-1.7.0\include\gtest\internal\gtest-param-util-generated.h(5199,34):
      the template instantiation context (the oldest one first) is
          C:\Users\Admin\Desktop\UnchartedBlockout\build\_deps\bullet3-src\test\gtest-1.7.0\include\gtest\internal\gtest-param-util-generated.h(5192,7):
          while compiling class template 'testing::internal::CartesianProductHolder4'
  
C:\Users\Admin\Desktop\UnchartedBlockout\build\_deps\bullet3-src\test\gtest-1.7.0\include\gtest\internal\gtest-param-util-generated.h(5228,34): error C3083: 'tr1': the symbol to the left of a '::' must be a type
  (compiling source file '../../../bullet3-src/test/InverseDynamics/test_invdyn_kinematics.cpp')
      C:\Users\Admin\Desktop\UnchartedBlockout\build\_deps\bullet3-src\test\gtest-1.7.0\include\gtest\internal\gtest-param-util-generated.h(5228,34):
      the template instantiation context (the oldest one first) is
          C:\Users\Admin\Desktop\UnchartedBlockout\build\_deps\bullet3-src\test\gtest-1.7.0\include\gtest\internal\gtest-param-util-generated.h(5221,7):
          while compiling class template 'testing::internal::CartesianProductHolder5'
  
C:\Users\Admin\Desktop\UnchartedBlockout\build\_deps\bullet3-src\test\gtest-1.7.0\include\gtest\internal\gtest-param-util-generated.h(5261,34): error C3083: 'tr1': the symbol to the left of a '::' must be a type
  (compiling source file '../../../bullet3-src/test/InverseDynamics/test_invdyn_kinematics.cpp')
      C:\Users\Admin\Desktop\UnchartedBlockout\build\_deps\bullet3-src\test\gtest-1.7.0\include\gtest\internal\gtest-param-util-generated.h(5261,34):
      the template instantiation context (the oldest one first) is
          C:\Users\Admin\Desktop\UnchartedBlockout\build\_deps\bullet3-src\test\gtest-1.7.0\include\gtest\internal\gtest-param-util-generated.h(5252,7):
          while compiling class template 'testing::internal::CartesianProductHolder6'
  
C:\Users\Admin\Desktop\UnchartedBlockout\build\_deps\bullet3-src\test\gtest-1.7.0\include\gtest\internal\gtest-param-util-generated.h(5296,34): error C3083: 'tr1': the symbol to the left of a '::' must be a type
  (compiling source file '../../../bullet3-src/test/InverseDynamics/test_invdyn_kinematics.cpp')
      C:\Users\Admin\Desktop\UnchartedBlockout\build\_deps\bullet3-src\test\gtest-1.7.0\include\gtest\internal\gtest-param-util-generated.h(5296,34):
      the template instantiation context (the oldest one first) is
          C:\Users\Admin\Desktop\UnchartedBlockout\build\_deps\bullet3-src\test\gtest-1.7.0\include\gtest\internal\gtest-param-util-generated.h(5287,7):
          while compiling class template 'testing::internal::CartesianProductHolder7'
  
C:\Users\Admin\Desktop\UnchartedBlockout\build\_deps\bullet3-src\test\gtest-1.7.0\include\gtest\internal\gtest-param-util-generated.h(5335,34): error C3083: 'tr1': the symbol to the left of a '::' must be a type
  (compiling source file '../../../bullet3-src/test/InverseDynamics/test_invdyn_kinematics.cpp')
      C:\Users\Admin\Desktop\UnchartedBlockout\build\_deps\bullet3-src\test\gtest-1.7.0\include\gtest\internal\gtest-param-util-generated.h(5335,34):
      the template instantiation context (the oldest one first) is
          C:\Users\Admin\Desktop\UnchartedBlockout\build\_deps\bullet3-src\test\gtest-1.7.0\include\gtest\internal\gtest-param-util-generated.h(5326,7):
          while compiling class template 'testing::internal::CartesianProductHolder8'
  
C:\Users\Admin\Desktop\UnchartedBlockout\build\_deps\bullet3-src\test\gtest-1.7.0\include\gtest\internal\gtest-param-util-generated.h(5377,34): error C3083: 'tr1': the symbol to the left of a '::' must be a type
  (compiling source file '../../../bullet3-src/test/InverseDynamics/test_invdyn_kinematics.cpp')
      C:\Users\Admin\Desktop\UnchartedBlockout\build\_deps\bullet3-src\test\gtest-1.7.0\include\gtest\internal\gtest-param-util-generated.h(5377,34):
      the template instantiation context (the oldest one first) is
          C:\Users\Admin\Desktop\UnchartedBlockout\build\_deps\bullet3-src\test\gtest-1.7.0\include\gtest\internal\gtest-param-util-generated.h(5367,7):
          while compiling class template 'testing::internal::CartesianProductHolder9'
  
C:\Users\Admin\Desktop\UnchartedBlockout\build\_deps\bullet3-src\test\gtest-1.7.0\include\gtest\internal\gtest-param-util-generated.h(5422,34): error C3083: 'tr1': the symbol to the left of a '::' must be a type
  (compiling source file '../../../bullet3-src/test/InverseDynamics/test_invdyn_kinematics.cpp')
      C:\Users\Admin\Desktop\UnchartedBlockout\build\_deps\bullet3-src\test\gtest-1.7.0\include\gtest\internal\gtest-param-util-generated.h(5422,34):
      the template instantiation context (the oldest one first) is
          C:\Users\Admin\Desktop\UnchartedBlockout\build\_deps\bullet3-src\test\gtest-1.7.0\include\gtest\internal\gtest-param-util-generated.h(5412,7):
          while compiling class template 'testing::internal::CartesianProductHolder10'
  
